TN:
SF:Users/neil/extensions/php-docblock/src/util/TypeUtil.ts
FN:26,(anonymous_1)
FN:35,(anonymous_2)
FN:42,(anonymous_3)
FN:56,(anonymous_4)
FNF:4
FNH:4
FNDA:84,(anonymous_1)
FNDA:40,(anonymous_2)
FNDA:27,(anonymous_3)
FNDA:51,(anonymous_4)
DA:1,1
DA:6,1
DA:27,84
DA:36,40
DA:43,27
DA:44,14
DA:45,14
DA:48,27
DA:57,51
DA:60,15
DA:61,14
DA:63,1
DA:66,12
DA:67,11
DA:69,1
DA:71,24
LF:16
LH:16
BRDA:27,1,0,84
BRDA:27,1,1,1
BRDA:43,2,0,14
BRDA:43,2,1,13
BRDA:45,3,0,14
BRDA:45,3,1,14
BRDA:58,4,0,13
BRDA:58,4,1,15
BRDA:58,4,2,11
BRDA:58,4,3,12
BRDA:58,4,4,24
BRDA:60,5,0,14
BRDA:60,5,1,1
BRDA:66,6,0,11
BRDA:66,6,1,1
BRF:15
BRH:15
end_of_record
TN:
SF:Users/neil/extensions/php-docblock/src/block/class.ts
FN:7,(anonymous_1)
FN:17,(anonymous_2)
FNF:2
FNH:2
FNDA:28,(anonymous_1)
FNDA:14,(anonymous_2)
DA:1,1
DA:2,1
DA:7,1
DA:12,28
DA:19,14
DA:20,14
DA:22,14
LF:7
LH:7
BRF:0
BRH:0
end_of_record
TN:
SF:Users/neil/extensions/php-docblock/src/block.ts
FN:56,(anonymous_1)
FN:70,(anonymous_2)
FN:80,(anonymous_3)
FN:92,(anonymous_4)
FN:106,(anonymous_5)
FN:135,(anonymous_6)
FN:162,(anonymous_7)
FNF:7
FNH:7
FNDA:156,(anonymous_1)
FNDA:75,(anonymous_2)
FNDA:84,(anonymous_3)
FNDA:156,(anonymous_4)
FNDA:156,(anonymous_5)
FNDA:39,(anonymous_6)
FNDA:31,(anonymous_7)
DA:1,1
DA:3,1
DA:12,1
DA:48,156
DA:58,156
DA:59,156
DA:60,156
DA:72,75
DA:82,84
DA:94,156
DA:108,156
DA:109,156
DA:111,156
DA:112,156
DA:113,3
DA:116,153
DA:117,153
DA:118,156
DA:119,156
DA:121,153
DA:122,153
DA:124,153
DA:137,39
DA:138,39
DA:139,39
DA:140,39
DA:141,719
DA:142,719
DA:143,39
DA:144,39
DA:145,680
DA:146,1
DA:147,679
DA:148,1
DA:150,680
DA:153,39
DA:164,31
DA:167,31
DA:168,6
DA:172,25
DA:173,3
DA:177,22
DA:178,3
DA:182,19
DA:183,7
DA:187,12
DA:188,10
DA:191,2
LF:48
LH:48
BRDA:112,1,0,3
BRDA:112,1,1,153
BRDA:142,2,0,39
BRDA:142,2,1,680
BRDA:142,3,0,719
BRDA:142,3,1,40
BRDA:145,4,0,1
BRDA:145,4,1,679
BRDA:147,5,0,1
BRDA:147,5,1,678
BRDA:167,6,0,6
BRDA:167,6,1,25
BRDA:172,7,0,3
BRDA:172,7,1,22
BRDA:177,8,0,3
BRDA:177,8,1,19
BRDA:182,9,0,7
BRDA:182,9,1,12
BRDA:187,10,0,10
BRDA:187,10,1,2
BRF:20
BRH:20
end_of_record
TN:
SF:Users/neil/extensions/php-docblock/src/doc.ts
FN:51,(anonymous_1)
FN:61,(anonymous_2)
FN:84,(anonymous_3)
FN:97,(anonymous_4)
FN:108,(anonymous_5)
FN:198,(anonymous_6)
FNF:6
FNH:6
FNDA:92,(anonymous_1)
FNDA:6,(anonymous_2)
FNDA:22,(anonymous_3)
FNDA:6,(anonymous_4)
FNDA:11,(anonymous_5)
FNDA:43,(anonymous_6)
DA:1,1
DA:9,1
DA:16,92
DA:53,92
DA:63,6
DA:64,2
DA:66,6
DA:67,1
DA:69,6
DA:70,5
DA:72,6
DA:73,3
DA:74,3
DA:86,22
DA:87,5
DA:89,22
DA:99,6
DA:110,11
DA:111,11
DA:112,11
DA:114,11
DA:115,2
DA:116,2
DA:119,11
DA:121,11
DA:122,11
DA:123,11
DA:125,11
DA:126,3
DA:127,2
DA:128,2
DA:130,3
DA:131,3
DA:132,3
DA:133,3
DA:134,3
DA:138,11
DA:139,2
DA:140,1
DA:141,1
DA:143,2
DA:144,2
DA:147,11
DA:148,3
DA:149,1
DA:150,1
DA:152,3
DA:153,3
DA:156,11
DA:157,5
DA:158,2
DA:159,2
DA:161,5
DA:162,5
DA:163,5
DA:167,11
DA:169,11
DA:176,1
DA:200,43
DA:201,43
LF:60
LH:60
BRDA:63,1,0,2
BRDA:63,1,1,4
BRDA:66,2,0,1
BRDA:66,2,1,5
BRDA:69,3,0,5
BRDA:69,3,1,1
BRDA:72,4,0,3
BRDA:72,4,1,3
BRDA:72,5,0,6
BRDA:72,5,1,3
BRDA:86,6,0,5
BRDA:86,6,1,17
BRDA:114,7,0,2
BRDA:114,7,1,9
BRDA:125,8,0,3
BRDA:125,8,1,8
BRDA:126,9,0,2
BRDA:126,9,1,1
BRDA:138,10,0,2
BRDA:138,10,1,9
BRDA:139,11,0,1
BRDA:139,11,1,1
BRDA:147,12,0,3
BRDA:147,12,1,8
BRDA:148,13,0,1
BRDA:148,13,1,2
BRDA:156,14,0,5
BRDA:156,14,1,6
BRDA:156,15,0,11
BRDA:156,15,1,11
BRDA:157,16,0,2
BRDA:157,16,1,3
BRF:32
BRH:32
end_of_record
TN:
SF:Users/neil/extensions/php-docblock/src/completions.ts
FN:7,(anonymous_1)
FN:158,(anonymous_2)
FNF:2
FNH:2
FNDA:3,(anonymous_1)
FNDA:9,(anonymous_2)
DA:1,1
DA:2,1
DA:7,1
DA:14,3
DA:160,9
DA:161,9
DA:163,9
DA:164,4
DA:166,4
DA:167,4
DA:168,4
DA:169,4
DA:170,4
DA:172,4
DA:175,5
DA:176,1
DA:179,4
DA:181,4
DA:182,132
DA:185,4
DA:186,4
DA:187,4
DA:188,4
DA:190,4
DA:193,4
LF:25
LH:25
BRDA:163,1,0,4
BRDA:163,1,1,5
BRDA:175,2,0,1
BRDA:175,2,1,4
BRF:4
BRH:4
end_of_record
TN:
SF:Users/neil/extensions/php-docblock/src/documenter.ts
FN:33,(anonymous_1)
FN:45,(anonymous_2)
FNF:2
FNH:2
FNDA:4,(anonymous_1)
FNDA:4,(anonymous_2)
DA:2,1
DA:3,1
DA:4,1
DA:5,1
DA:11,1
DA:35,4
DA:36,4
DA:47,4
DA:48,4
DA:49,1
DA:52,3
DA:53,3
DA:54,1
DA:57,2
DA:58,2
DA:59,1
DA:62,1
LF:17
LH:17
BRDA:48,1,0,1
BRDA:48,1,1,3
BRDA:53,2,0,1
BRDA:53,2,1,2
BRDA:58,3,0,1
BRDA:58,3,1,1
BRF:6
BRH:6
end_of_record
TN:
SF:Users/neil/extensions/php-docblock/src/block/function.ts
FN:12,(anonymous_1)
FN:23,(anonymous_2)
FN:70,(anonymous_3)
FNF:3
FNH:3
FNDA:80,(anonymous_1)
FNDA:39,(anonymous_2)
FNDA:30,(anonymous_3)
DA:1,1
DA:2,1
DA:3,1
DA:12,1
DA:18,80
DA:25,39
DA:27,39
DA:28,39
DA:30,39
DA:31,18
DA:32,18
DA:33,40
DA:34,40
DA:35,40
DA:37,40
DA:38,3
DA:39,37
DA:40,13
DA:41,24
DA:42,9
DA:45,40
DA:49,39
DA:51,39
DA:52,9
DA:56,30
DA:59,39
DA:72,30
DA:73,2
DA:76,28
DA:82,4
DA:84,1
DA:87,2
DA:89,1
DA:92,20
LF:34
LH:34
BRDA:30,1,0,18
BRDA:30,1,1,21
BRDA:37,2,0,3
BRDA:37,2,1,37
BRDA:37,3,0,40
BRDA:37,3,1,16
BRDA:39,4,0,13
BRDA:39,4,1,24
BRDA:41,5,0,9
BRDA:41,5,1,15
BRDA:41,6,0,24
BRDA:41,6,1,24
BRDA:51,7,0,9
BRDA:51,7,1,30
BRDA:53,8,0,1
BRDA:53,8,1,8
BRDA:72,9,0,2
BRDA:72,9,1,28
BRDA:77,10,0,1
BRDA:77,10,1,1
BRDA:77,10,2,2
BRDA:77,10,3,3
BRDA:77,10,4,4
BRDA:77,10,5,1
BRDA:77,10,6,1
BRDA:77,10,7,2
BRDA:77,10,8,1
BRF:27
BRH:27
end_of_record
TN:
SF:Users/neil/extensions/php-docblock/src/block/property.ts
FN:7,(anonymous_1)
FN:18,(anonymous_2)
FNF:2
FNH:2
FNDA:48,(anonymous_1)
FNDA:31,(anonymous_2)
DA:1,1
DA:2,1
DA:7,1
DA:13,48
DA:20,31
DA:22,31
DA:24,31
DA:25,22
DA:27,9
DA:30,31
LF:10
LH:10
BRDA:24,1,0,22
BRDA:24,1,1,9
BRF:2
BRH:2
end_of_record
TN:
SF:Users/neil/extensions/php-docblock/src/extension.ts
FN:12,activate
FN:48,deactivate
FNF:2
FNH:1
FNDA:1,activate
FNDA:0,deactivate
DA:1,1
DA:5,1
DA:12,2
DA:14,1
DA:15,2
DA:16,1
DA:41,2
DA:48,2
LF:8
LH:8
BRDA:15,1,0,1
BRDA:15,1,1,1
BRF:2
BRH:2
end_of_record
